[debug] [2021-03-10T13:03:19.560Z] ----------------------------------------------------------------------
[debug] [2021-03-10T13:03:19.562Z] Command:       C:\Program Files\nodejs\node.exe C:\Users\mahse\AppData\Roaming\npm\node_modules\firebase-tools\lib\bin\firebase.js functions:shell
[debug] [2021-03-10T13:03:19.562Z] CLI Version:   9.5.0
[debug] [2021-03-10T13:03:19.562Z] Platform:      win32
[debug] [2021-03-10T13:03:19.562Z] Node Version:  v14.15.4
[debug] [2021-03-10T13:03:19.563Z] Time:          Wed Mar 10 2021 07:03:19 GMT-0600 (Central Standard Time)
[debug] [2021-03-10T13:03:19.563Z] ----------------------------------------------------------------------
[debug] [2021-03-10T13:03:19.563Z] 
[debug] [2021-03-10T13:03:19.566Z] >>> [apiv2][query] GET https://firebase-public.firebaseio.com/cli.json [none]
[debug] [2021-03-10T13:03:19.587Z] > command requires scopes: ["email","openid","https://www.googleapis.com/auth/cloudplatformprojects.readonly","https://www.googleapis.com/auth/firebase","https://www.googleapis.com/auth/cloud-platform"]
[debug] [2021-03-10T13:03:19.588Z] > authorizing via signed-in user
[debug] [2021-03-10T13:03:19.588Z] [iam] checking project clone-32b95 for permissions ["firebase.projects.get"]
[debug] [2021-03-10T13:03:19.589Z] > refreshing access token with scopes: ["email","https://www.googleapis.com/auth/cloud-platform","https://www.googleapis.com/auth/cloudplatformprojects.readonly","https://www.googleapis.com/auth/firebase","openid"]
[debug] [2021-03-10T13:03:19.589Z] >>> HTTP REQUEST POST https://www.googleapis.com/oauth2/v3/token  
 <request body omitted>
[debug] [2021-03-10T13:03:19.823Z] <<< [apiv2][status] GET https://firebase-public.firebaseio.com/cli.json 200
[debug] [2021-03-10T13:03:19.824Z] <<< [apiv2][body] GET https://firebase-public.firebaseio.com/cli.json {"cloudBuildErrorAfter":1594252800000,"cloudBuildWarnAfter":1590019200000,"defaultNode10After":1594252800000,"minVersion":"3.0.5","node8DeploysDisabledAfter":1613390400000,"node8RuntimeDisabledAfter":1615809600000,"node8WarnAfter":1600128000000}
[debug] [2021-03-10T13:03:19.849Z] <<< HTTP RESPONSE 200 {"cache-control":"no-cache, no-store, max-age=0, must-revalidate","pragma":"no-cache","expires":"Mon, 01 Jan 1990 00:00:00 GMT","date":"Wed, 10 Mar 2021 13:03:19 GMT","content-type":"application/json; charset=utf-8","vary":"X-Origin, Referer, Origin,Accept-Encoding","server":"scaffolding on HTTPServer2","x-xss-protection":"0","x-frame-options":"SAMEORIGIN","x-content-type-options":"nosniff","alt-svc":"h3-29=\":443\"; ma=2592000,h3-T051=\":443\"; ma=2592000,h3-Q050=\":443\"; ma=2592000,h3-Q046=\":443\"; ma=2592000,h3-Q043=\":443\"; ma=2592000,quic=\":443\"; ma=2592000; v=\"46,43\"","accept-ranges":"none","transfer-encoding":"chunked"}
[debug] [2021-03-10T13:03:19.855Z] >>> HTTP REQUEST POST https://cloudresourcemanager.googleapis.com/v1/projects/clone-32b95:testIamPermissions  
 {"permissions":["firebase.projects.get"]}
[debug] [2021-03-10T13:03:20.103Z] <<< HTTP RESPONSE 200 {"content-type":"application/json; charset=UTF-8","vary":"X-Origin, Referer, Origin,Accept-Encoding","date":"Wed, 10 Mar 2021 13:03:20 GMT","server":"ESF","cache-control":"private","x-xss-protection":"0","x-frame-options":"SAMEORIGIN","x-content-type-options":"nosniff","server-timing":"gfet4t7; dur=50","alt-svc":"h3-29=\":443\"; ma=2592000,h3-T051=\":443\"; ma=2592000,h3-Q050=\":443\"; ma=2592000,h3-Q046=\":443\"; ma=2592000,h3-Q043=\":443\"; ma=2592000,quic=\":443\"; ma=2592000; v=\"46,43\"","accept-ranges":"none","transfer-encoding":"chunked"}
[warn] !  Your requested "node" version "12" doesn't match your global version "14" {"metadata":{"emulator":{"name":"functions"},"message":"Your requested \"node\" version \"12\" doesn't match your global version \"14\""}}
[debug] [2021-03-10T13:03:20.130Z] defaultcredentials: writing to file C:\Users\mahse\AppData\Roaming\firebase\mahsen099_gmail_com_application_default_credentials.json
[debug] [2021-03-10T13:03:20.132Z] DEBUG: Setting GAC to C:\Users\mahse\AppData\Roaming\firebase\mahsen099_gmail_com_application_default_credentials.json
[debug] [2021-03-10T13:03:20.134Z] > refreshing access token with scopes: []
[debug] [2021-03-10T13:03:20.134Z] >>> HTTP REQUEST POST https://www.googleapis.com/oauth2/v3/token  
 <request body omitted>
[debug] [2021-03-10T13:03:20.318Z] <<< HTTP RESPONSE 200 {"cache-control":"no-cache, no-store, max-age=0, must-revalidate","date":"Wed, 10 Mar 2021 13:03:20 GMT","expires":"Mon, 01 Jan 1990 00:00:00 GMT","pragma":"no-cache","content-type":"application/json; charset=utf-8","vary":"X-Origin, Referer, Origin,Accept-Encoding","server":"scaffolding on HTTPServer2","x-xss-protection":"0","x-frame-options":"SAMEORIGIN","x-content-type-options":"nosniff","alt-svc":"h3-29=\":443\"; ma=2592000,h3-T051=\":443\"; ma=2592000,h3-Q050=\":443\"; ma=2592000,h3-Q046=\":443\"; ma=2592000,h3-Q043=\":443\"; ma=2592000,quic=\":443\"; ma=2592000; v=\"46,43\"","accept-ranges":"none","transfer-encoding":"chunked"}
[debug] [2021-03-10T13:03:20.332Z] >>> [apiv2][query] GET https://firebase.googleapis.com/v1beta1/projects/clone-32b95/adminSdkConfig [none]
[debug] [2021-03-10T13:03:20.628Z] <<< [apiv2][status] GET https://firebase.googleapis.com/v1beta1/projects/clone-32b95/adminSdkConfig 200
[debug] [2021-03-10T13:03:20.628Z] <<< [apiv2][body] GET https://firebase.googleapis.com/v1beta1/projects/clone-32b95/adminSdkConfig {"projectId":"clone-32b95","storageBucket":"clone-32b95.appspot.com","locationId":"us-central"}
[debug] [2021-03-10T13:03:20.650Z] [functions] Watching "C:\Users\mahse\Desktop\Evangadi\evangadiclone\amazonclone\functions" for Cloud Functions...
[debug] [2021-03-10T13:03:20.681Z] DEBUG: [worker-pool] addWorker(~diagnostic~)
[debug] [2021-03-10T13:03:20.682Z] DEBUG: [worker-pool] Adding worker with key ~diagnostic~, total=1
[debug] [2021-03-10T13:03:20.682Z] DEBUG: [worker-pool] submitWork(triggerId=)
[debug] [2021-03-10T13:03:20.683Z] DEBUG: [worker-~diagnostic~-c2d3ae69-bf83-4fd6-ae36-a6d30d69760a]: Assigning socketPath: \\?\pipe\C:\Users\mahse\Desktop\Evangadi\evangadiclone\amazonclone\functions\2120
[debug] [2021-03-10T13:03:20.683Z] DEBUG: [worker-~diagnostic~-c2d3ae69-bf83-4fd6-ae36-a6d30d69760a]: BUSY
[debug] [2021-03-10T13:03:20.923Z] DEBUG: [runtime-status] [2120] Functions runtime initialized. {"cwd":"C:\\Users\\mahse\\Desktop\\Evangadi\\evangadiclone\\amazonclone\\functions","node_version":"14.15.4"}
[debug] [2021-03-10T13:03:20.924Z] DEBUG: [runtime-status] [2120] Disabled runtime features: undefined
[debug] [2021-03-10T13:03:20.929Z] DEBUG: [runtime-status] [2120] Resolved module firebase-admin {"declared":true,"installed":true,"version":"9.5.0","resolution":"C:\\Users\\mahse\\Desktop\\Evangadi\\evangadiclone\\amazonclone\\functions\\node_modules\\firebase-admin\\lib\\index.js"}
[debug] [2021-03-10T13:03:20.931Z] DEBUG: [runtime-status] [2120] Resolved module firebase-functions {"declared":true,"installed":true,"version":"3.13.2","resolution":"C:\\Users\\mahse\\Desktop\\Evangadi\\evangadiclone\\amazonclone\\functions\\node_modules\\firebase-functions\\lib\\index.js"}
[debug] [2021-03-10T13:03:20.934Z] DEBUG: [runtime-status] [2120] Resolved module firebase-functions {"declared":true,"installed":true,"version":"3.13.2","resolution":"C:\\Users\\mahse\\Desktop\\Evangadi\\evangadiclone\\amazonclone\\functions\\node_modules\\firebase-functions\\lib\\index.js"}
[debug] [2021-03-10T13:03:20.936Z] DEBUG: [runtime-status] [2120] Outgoing network have been stubbed. [{"name":"http","status":"mocked"},{"name":"http","status":"mocked"},{"name":"https","status":"mocked"},{"name":"https","status":"mocked"},{"name":"net","status":"mocked"}]
[debug] [2021-03-10T13:03:20.936Z] DEBUG: [runtime-status] [2120] Resolved module firebase-functions {"declared":true,"installed":true,"version":"3.13.2","resolution":"C:\\Users\\mahse\\Desktop\\Evangadi\\evangadiclone\\amazonclone\\functions\\node_modules\\firebase-functions\\lib\\index.js"}
[debug] [2021-03-10T13:03:21.010Z] DEBUG: [runtime-status] [2120] Checked functions.config() {"config":{}}
[debug] [2021-03-10T13:03:21.010Z] DEBUG: [runtime-status] [2120] firebase-functions has been stubbed. {"functionsResolution":{"declared":true,"installed":true,"version":"3.13.2","resolution":"C:\\Users\\mahse\\Desktop\\Evangadi\\evangadiclone\\amazonclone\\functions\\node_modules\\firebase-functions\\lib\\index.js"}}
[debug] [2021-03-10T13:03:21.010Z] DEBUG: [runtime-status] [2120] Resolved module firebase-functions {"declared":true,"installed":true,"version":"3.13.2","resolution":"C:\\Users\\mahse\\Desktop\\Evangadi\\evangadiclone\\amazonclone\\functions\\node_modules\\firebase-functions\\lib\\index.js"}
[debug] [2021-03-10T13:03:21.011Z] DEBUG: [runtime-status] [2120] Resolved module firebase-admin {"declared":true,"installed":true,"version":"9.5.0","resolution":"C:\\Users\\mahse\\Desktop\\Evangadi\\evangadiclone\\amazonclone\\functions\\node_modules\\firebase-admin\\lib\\index.js"}
[debug] [2021-03-10T13:03:21.012Z] DEBUG: [runtime-status] [2120] Resolved module firebase-functions {"declared":true,"installed":true,"version":"3.13.2","resolution":"C:\\Users\\mahse\\Desktop\\Evangadi\\evangadiclone\\amazonclone\\functions\\node_modules\\firebase-functions\\lib\\index.js"}
[debug] [2021-03-10T13:03:21.012Z] DEBUG: [runtime-status] [2120] firebase-admin has been stubbed. {"adminResolution":{"declared":true,"installed":true,"version":"9.5.0","resolution":"C:\\Users\\mahse\\Desktop\\Evangadi\\evangadiclone\\amazonclone\\functions\\node_modules\\firebase-admin\\lib\\index.js"}}
[debug] [2021-03-10T13:03:21.278Z] [functions[api]] http function initialized (http://localhost:5000/clone-32b95/us-central1/api).
[info] i  functions: Loaded functions: api 
[warn] !  functions: The following emulators are not running, calls to these services will affect production: firestore, database, pubsub 
[debug] [2021-03-10T13:03:21.305Z] DEBUG: [worker-~diagnostic~-c2d3ae69-bf83-4fd6-ae36-a6d30d69760a]: IDLE
